# JRE version: OpenJDK Runtime Environment (8.0_151-b12) (build 1.8.0_151-8u151-b12-0ubuntu0.16.04.2-b12)
# Java VM: OpenJDK 64-Bit Server VM (25.151-b12 mixed mode linux-amd64 compressed oops)
Heap:
 PSYoungGen      total 65024K, used 29603K [0x00000000d9580000, 0x00000000dd980000, 0x0000000100000000)
  eden space 60416K, 41% used [0x00000000d9580000,0x00000000dade9b08,0x00000000dd080000)
  from space 4608K, 99% used [0x00000000dd500000,0x00000000dd97f310,0x00000000dd980000)
  to   space 4608K, 0% used [0x00000000dd080000,0x00000000dd080000,0x00000000dd500000)
 ParOldGen       total 79360K, used 60K [0x000000008c000000, 0x0000000090d80000, 0x00000000d9580000)
  object space 79360K, 0% used [0x000000008c000000,0x000000008c00f0d8,0x0000000090d80000)
 Metaspace       used 12753K, capacity 13006K, committed 13312K, reserved 1060864K
  class space    used 1581K, capacity 1680K, committed 1792K, reserved 1048576K
GC Heap History (4 events):
Event: 1,182 GC heap before
{Heap before GC invocations=1 (full 0):
 PSYoungGen      total 34816K, used 30208K [0x00000000d9580000, 0x00000000dbc00000, 0x0000000100000000)
  eden space 30208K, 100% used [0x00000000d9580000,0x00000000db300000,0x00000000db300000)
  from space 4608K, 0% used [0x00000000db780000,0x00000000db780000,0x00000000dbc00000)
  to   space 4608K, 0% used [0x00000000db300000,0x00000000db300000,0x00000000db780000)
 ParOldGen       total 79360K, used 0K [0x000000008c000000, 0x0000000090d80000, 0x00000000d9580000)
  object space 79360K, 0% used [0x000000008c000000,0x000000008c000000,0x0000000090d80000)
 Metaspace       used 9503K, capacity 10634K, committed 10880K, reserved 1058816K
  class space    used 1232K, capacity 1286K, committed 1408K, reserved 1048576K
Event: 1,202 GC heap after
Heap after GC invocations=1 (full 0):
 PSYoungGen      total 34816K, used 3572K [0x00000000d9580000, 0x00000000dd980000, 0x0000000100000000)
  eden space 30208K, 0% used [0x00000000d9580000,0x00000000d9580000,0x00000000db300000)
  from space 4608K, 77% used [0x00000000db300000,0x00000000db67d178,0x00000000db780000)
  to   space 4608K, 0% used [0x00000000dd500000,0x00000000dd500000,0x00000000dd980000)
 ParOldGen       total 79360K, used 8K [0x000000008c000000, 0x0000000090d80000, 0x00000000d9580000)
  object space 79360K, 0% used [0x000000008c000000,0x000000008c002000,0x0000000090d80000)
 Metaspace       used 9503K, capacity 10634K, committed 10880K, reserved 1058816K
  class space    used 1232K, capacity 1286K, committed 1408K, reserved 1048576K
}
Event: 1,819 GC heap before
{Heap before GC invocations=2 (full 0):
 PSYoungGen      total 34816K, used 33780K [0x00000000d9580000, 0x00000000dd980000, 0x0000000100000000)
  eden space 30208K, 100% used [0x00000000d9580000,0x00000000db300000,0x00000000db300000)
  from space 4608K, 77% used [0x00000000db300000,0x00000000db67d178,0x00000000db780000)
  to   space 4608K, 0% used [0x00000000dd500000,0x00000000dd500000,0x00000000dd980000)
 ParOldGen       total 79360K, used 8K [0x000000008c000000, 0x0000000090d80000, 0x00000000d9580000)
  object space 79360K, 0% used [0x000000008c000000,0x000000008c002000,0x0000000090d80000)
 Metaspace       used 11402K, capacity 11664K, committed 11904K, reserved 1058816K
  class space    used 1440K, capacity 1539K, committed 1664K, reserved 1048576K
Event: 1,830 GC heap after
Heap after GC invocations=2 (full 0):
 PSYoungGen      total 65024K, used 4604K [0x00000000d9580000, 0x00000000dd980000, 0x0000000100000000)
  eden space 60416K, 0% used [0x00000000d9580000,0x00000000d9580000,0x00000000dd080000)
  from space 4608K, 99% used [0x00000000dd500000,0x00000000dd97f310,0x00000000dd980000)
  to   space 4608K, 0% used [0x00000000dd080000,0x00000000dd080000,0x00000000dd500000)
 ParOldGen       total 79360K, used 60K [0x000000008c000000, 0x0000000090d80000, 0x00000000d9580000)
  object space 79360K, 0% used [0x000000008c000000,0x000000008c00f0d8,0x0000000090d80000)
 Metaspace       used 11402K, capacity 11664K, committed 11904K, reserved 1058816K
  class space    used 1440K, capacity 1539K, committed 1664K, reserved 1048576K
}

